<?xml version="1.0" encoding="UTF-8"?>
<!-- Generated by org.testng.reporters.JUnitReportReporter -->
<testsuite skipped="0" hostname="DESKTOP-I3M0GBF" name="com.qa.test.testcases.LoginPageTest" tests="1" failures="0" timestamp="2022-03-01T16:40:31 IST" time="3.567" errors="0">
  <testcase name="login" time="3.567" classname="com.qa.test.testcases.LoginPageTest"/>
  <system-out/>
</testsuite> <!-- com.qa.test.testcases.LoginPageTest -->
